<?xml version="1.0" encoding="UTF-8"?>
<!-- Generated by org.testng.reporters.JUnitReportReporter -->
<testsuite hostname="LAPTOP-EK8HG6MQ" failures="0" tests="1" name="test.program1" time="0.077" errors="0" timestamp="2023-07-03T19:31:33 BST" skipped="0">
  <testcase classname="test.program1" name="test" time="0.077"/>
  <system-out/>
</testsuite> <!-- test.program1 -->
